<?xml version="1.0" encoding="UTF-8"?>
<testsuite xmlns:xsi="http://www.w3.org/2001/XMLSchema-instance" xsi:noNamespaceSchemaLocation="https://maven.apache.org/surefire/maven-surefire-plugin/xsd/surefire-test-report-3.0.xsd" version="3.0" name="tests.LinkServiceTest" time="0.336" tests="5" errors="0" skipped="0" failures="0">
  <properties>
[...]
</properties>
  <testcase name="testEditLink" classname="tests.LinkServiceTest" time="0.095"/>
  <testcase name="testListForUser" classname="tests.LinkServiceTest" time="0.001"/>
  <testcase name="testOpenLinkIncrementsClicks" classname="tests.LinkServiceTest" time="0.001">
    <system-out><![CDATA[Открываем: https://example.com
Открываем: https://example.com
Лимит переходов исчерпан.
]]></system-out>
  </testcase>
  <testcase name="testCreateLink" classname="tests.LinkServiceTest" time="0.005"/>
  <testcase name="testCleanupExpired" classname="tests.LinkServiceTest" time="0.215"/>
</testsuite>